Source.obj : error LNK2019: unresolved external symbol __imp_glBindTexture referenced in function "bool __cdecl UCreateTexture(char const *,unsigned int &)" (?UCreateTexture@@YA_NPEBDAEAI@Z)
Source.obj : error LNK2019: unresolved external symbol __imp_glClear referenced in function "void __cdecl URender(void)" (?URender@@YAXXZ)
Source.obj : error LNK2019: unresolved external symbol __imp_glClearColor referenced in function "void __cdecl URender(void)" (?URender@@YAXXZ)
Source.obj : error LNK2019: unresolved external symbol __imp_glDeleteTextures referenced in function "void __cdecl UDestroyTexture(unsigned int)" (?UDestroyTexture@@YAXI@Z)
Source.obj : error LNK2019: unresolved external symbol __imp_glDrawArrays referenced in function "void __cdecl URender(void)" (?URender@@YAXXZ)
Source.obj : error LNK2019: unresolved external symbol __imp_glDrawElements referenced in function "void __cdecl URender(void)" (?URender@@YAXXZ)
Source.obj : error LNK2019: unresolved external symbol __imp_glEnable referenced in function "void __cdecl URender(void)" (?URender@@YAXXZ)
Source.obj : error LNK2019: unresolved external symbol __imp_glGenTextures referenced in function "bool __cdecl UCreateTexture(char const *,unsigned int &)" (?UCreateTexture@@YA_NPEBDAEAI@Z)
Source.obj : error LNK2019: unresolved external symbol __imp_glGetString referenced in function "bool __cdecl UInitialize(int,char * * const,struct GLFWwindow * *)" (?UInitialize@@YA_NHQEAPEADPEAPEAUGLFWwindow@@@Z)
Source.obj : error LNK2019: unresolved external symbol __imp_glTexImage2D referenced in function "bool __cdecl UCreateTexture(char const *,unsigned int &)" (?UCreateTexture@@YA_NPEBDAEAI@Z)
Source.obj : error LNK2019: unresolved external symbol __imp_glTexParameteri referenced in function "bool __cdecl UCreateTexture(char const *,unsigned int &)" (?UCreateTexture@@YA_NPEBDAEAI@Z)
Source.obj : error LNK2019: unresolved external symbol __imp_glViewport referenced in function "void __cdecl UResizeWindow(struct GLFWwindow *,int,int)" (?UResizeWindow@@YAXPEAUGLFWwindow@@HH@Z)
Source.obj : error LNK2019: unresolved external symbol __imp_glewInit referenced in function "bool __cdecl UInitialize(int,char * * const,struct GLFWwindow * *)" (?UInitialize@@YA_NHQEAPEADPEAPEAUGLFWwindow@@@Z)
Source.obj : error LNK2019: unresolved external symbol __imp_glewGetErrorString referenced in function "bool __cdecl UInitialize(int,char * * const,struct GLFWwindow * *)" (?UInitialize@@YA_NHQEAPEADPEAPEAUGLFWwindow@@@Z)
Source.obj : error LNK2019: unresolved external symbol glfwInit referenced in function "bool __cdecl UInitialize(int,char * * const,struct GLFWwindow * *)" (?UInitialize@@YA_NHQEAPEADPEAPEAUGLFWwindow@@@Z)
Source.obj : error LNK2019: unresolved external symbol glfwTerminate referenced in function "bool __cdecl UInitialize(int,char * * const,struct GLFWwindow * *)" (?UInitialize@@YA_NHQEAPEADPEAPEAUGLFWwindow@@@Z)
Source.obj : error LNK2019: unresolved external symbol glfwWindowHint referenced in function "bool __cdecl UInitialize(int,char * * const,struct GLFWwindow * *)" (?UInitialize@@YA_NHQEAPEADPEAPEAUGLFWwindow@@@Z)
Source.obj : error LNK2019: unresolved external symbol glfwCreateWindow referenced in function "bool __cdecl UInitialize(int,char * * const,struct GLFWwindow * *)" (?UInitialize@@YA_NHQEAPEADPEAPEAUGLFWwindow@@@Z)
Source.obj : error LNK2019: unresolved external symbol glfwWindowShouldClose referenced in function main
Source.obj : error LNK2019: unresolved external symbol glfwSetWindowShouldClose referenced in function "void __cdecl UProcessInput(struct GLFWwindow *)" (?UProcessInput@@YAXPEAUGLFWwindow@@@Z)
Source.obj : error LNK2019: unresolved external symbol glfwSetFramebufferSizeCallback referenced in function "bool __cdecl UInitialize(int,char * * const,struct GLFWwindow * *)" (?UInitialize@@YA_NHQEAPEADPEAPEAUGLFWwindow@@@Z)
Source.obj : error LNK2019: unresolved external symbol glfwPollEvents referenced in function main
Source.obj : error LNK2019: unresolved external symbol glfwSetInputMode referenced in function "bool __cdecl UInitialize(int,char * * const,struct GLFWwindow * *)" (?UInitialize@@YA_NHQEAPEADPEAPEAUGLFWwindow@@@Z)
Source.obj : error LNK2019: unresolved external symbol glfwGetKey referenced in function "void __cdecl UProcessInput(struct GLFWwindow *)" (?UProcessInput@@YAXPEAUGLFWwindow@@@Z)
Source.obj : error LNK2019: unresolved external symbol glfwSetCursorPosCallback referenced in function "bool __cdecl UInitialize(int,char * * const,struct GLFWwindow * *)" (?UInitialize@@YA_NHQEAPEADPEAPEAUGLFWwindow@@@Z)
Source.obj : error LNK2019: unresolved external symbol glfwSetScrollCallback referenced in function "bool __cdecl UInitialize(int,char * * const,struct GLFWwindow * *)" (?UInitialize@@YA_NHQEAPEADPEAPEAUGLFWwindow@@@Z)
Source.obj : error LNK2019: unresolved external symbol glfwGetTime referenced in function main
Source.obj : error LNK2019: unresolved external symbol glfwMakeContextCurrent referenced in function "bool __cdecl UInitialize(int,char * * const,struct GLFWwindow * *)" (?UInitialize@@YA_NHQEAPEADPEAPEAUGLFWwindow@@@Z)
Source.obj : error LNK2019: unresolved external symbol glfwSwapBuffers referenced in function "void __cdecl URender(void)" (?URender@@YAXXZ)
Source.obj : error LNK2019: unresolved external symbol __imp___glewActiveTexture referenced in function "void __cdecl URender(void)" (?URender@@YAXXZ)
Source.obj : error LNK2019: unresolved external symbol __imp___glewBindBuffer referenced in function "void __cdecl UCreateCube(struct `anonymous namespace'::GLMesh &)" (?UCreateCube@@YAXAEAUGLMesh@?A0x6f07ab01@@@Z)
Source.obj : error LNK2019: unresolved external symbol __imp___glewBufferData referenced in function "void __cdecl UCreateCube(struct `anonymous namespace'::GLMesh &)" (?UCreateCube@@YAXAEAUGLMesh@?A0x6f07ab01@@@Z)
Source.obj : error LNK2019: unresolved external symbol __imp___glewDeleteBuffers referenced in function "void __cdecl UDestroyMesh(struct `anonymous namespace'::GLMesh &)" (?UDestroyMesh@@YAXAEAUGLMesh@?A0x6f07ab01@@@Z)
Source.obj : error LNK2019: unresolved external symbol __imp___glewGenBuffers referenced in function "void __cdecl UCreateCube(struct `anonymous namespace'::GLMesh &)" (?UCreateCube@@YAXAEAUGLMesh@?A0x6f07ab01@@@Z)
Source.obj : error LNK2019: unresolved external symbol __imp___glewAttachShader referenced in function "bool __cdecl UCreateShaderProgram(char const *,char const *,unsigned int &)" (?UCreateShaderProgram@@YA_NPEBD0AEAI@Z)
Source.obj : error LNK2019: unresolved external symbol __imp___glewCompileShader referenced in function "bool __cdecl UCreateShaderProgram(char const *,char const *,unsigned int &)" (?UCreateShaderProgram@@YA_NPEBD0AEAI@Z)
Source.obj : error LNK2019: unresolved external symbol __imp___glewCreateProgram referenced in function "bool __cdecl UCreateShaderProgram(char const *,char const *,unsigned int &)" (?UCreateShaderProgram@@YA_NPEBD0AEAI@Z)
Source.obj : error LNK2019: unresolved external symbol __imp___glewCreateShader referenced in function "bool __cdecl UCreateShaderProgram(char const *,char const *,unsigned int &)" (?UCreateShaderProgram@@YA_NPEBD0AEAI@Z)
Source.obj : error LNK2019: unresolved external symbol __imp___glewDeleteProgram referenced in function "void __cdecl UDestroyShaderProgram(unsigned int)" (?UDestroyShaderProgram@@YAXI@Z)
Source.obj : error LNK2019: unresolved external symbol __imp___glewEnableVertexAttribArray referenced in function "void __cdecl UCreateCube(struct `anonymous namespace'::GLMesh &)" (?UCreateCube@@YAXAEAUGLMesh@?A0x6f07ab01@@@Z)
Source.obj : error LNK2019: unresolved external symbol __imp___glewGetProgramInfoLog referenced in function "bool __cdecl UCreateShaderProgram(char const *,char const *,unsigned int &)" (?UCreateShaderProgram@@YA_NPEBD0AEAI@Z)
Source.obj : error LNK2019: unresolved external symbol __imp___glewGetProgramiv referenced in function "bool __cdecl UCreateShaderProgram(char const *,char const *,unsigned int &)" (?UCreateShaderProgram@@YA_NPEBD0AEAI@Z)
Source.obj : error LNK2019: unresolved external symbol __imp___glewGetShaderInfoLog referenced in function "bool __cdecl UCreateShaderProgram(char const *,char const *,unsigned int &)" (?UCreateShaderProgram@@YA_NPEBD0AEAI@Z)
Source.obj : error LNK2019: unresolved external symbol __imp___glewGetShaderiv referenced in function "bool __cdecl UCreateShaderProgram(char const *,char const *,unsigned int &)" (?UCreateShaderProgram@@YA_NPEBD0AEAI@Z)
Source.obj : error LNK2019: unresolved external symbol __imp___glewGetUniformLocation referenced in function "void __cdecl URender(void)" (?URender@@YAXXZ)
Source.obj : error LNK2019: unresolved external symbol __imp___glewLinkProgram referenced in function "bool __cdecl UCreateShaderProgram(char const *,char const *,unsigned int &)" (?UCreateShaderProgram@@YA_NPEBD0AEAI@Z)
Source.obj : error LNK2019: unresolved external symbol __imp___glewShaderSource referenced in function "bool __cdecl UCreateShaderProgram(char const *,char const *,unsigned int &)" (?UCreateShaderProgram@@YA_NPEBD0AEAI@Z)
Source.obj : error LNK2019: unresolved external symbol __imp___glewUniform1f referenced in function "void __cdecl URender(void)" (?URender@@YAXXZ)
Source.obj : error LNK2019: unresolved external symbol __imp___glewUniform1i referenced in function "void __cdecl URender(void)" (?URender@@YAXXZ)
Source.obj : error LNK2019: unresolved external symbol __imp___glewUniform3f referenced in function "void __cdecl URender(void)" (?URender@@YAXXZ)
Source.obj : error LNK2019: unresolved external symbol __imp___glewUniform3fv referenced in function "void __cdecl URender(void)" (?URender@@YAXXZ)
Source.obj : error LNK2019: unresolved external symbol __imp___glewUniformMatrix4fv referenced in function "void __cdecl URender(void)" (?URender@@YAXXZ)
Source.obj : error LNK2019: unresolved external symbol __imp___glewUseProgram referenced in function "bool __cdecl UCreateShaderProgram(char const *,char const *,unsigned int &)" (?UCreateShaderProgram@@YA_NPEBD0AEAI@Z)
Source.obj : error LNK2019: unresolved external symbol __imp___glewVertexAttribPointer referenced in function "void __cdecl UCreateCube(struct `anonymous namespace'::GLMesh &)" (?UCreateCube@@YAXAEAUGLMesh@?A0x6f07ab01@@@Z)
Source.obj : error LNK2019: unresolved external symbol __imp___glewGenerateMipmap referenced in function "bool __cdecl UCreateTexture(char const *,unsigned int &)" (?UCreateTexture@@YA_NPEBDAEAI@Z)
Source.obj : error LNK2019: unresolved external symbol __imp___glewBindVertexArray referenced in function "void __cdecl UCreateCube(struct `anonymous namespace'::GLMesh &)" (?UCreateCube@@YAXAEAUGLMesh@?A0x6f07ab01@@@Z)
Source.obj : error LNK2019: unresolved external symbol __imp___glewDeleteVertexArrays referenced in function "void __cdecl UDestroyMesh(struct `anonymous namespace'::GLMesh &)" (?UDestroyMesh@@YAXAEAUGLMesh@?A0x6f07ab01@@@Z)
Source.obj : error LNK2019: unresolved external symbol __imp___glewGenVertexArrays referenced in function "void __cdecl UCreateCube(struct `anonymous namespace'::GLMesh &)" (?UCreateCube@@YAXAEAUGLMesh@?A0x6f07ab01@@@Z)
Source.obj : error LNK2019: unresolved external symbol __imp_glewExperimental referenced in function "bool __cdecl UInitialize(int,char * * const,struct GLFWwindow * *)" (?UInitialize@@YA_NHQEAPEADPEAPEAUGLFWwindow@@@Z)
C:\Users\jmram\Desktop\VSWorkspace\CS330_Workspace\x64\Debug\CS330_Workspace.exe : fatal error LNK1120: 59 unresolved externals
